C:\USERS\RAY\DESKTOP\AHRS\RAYAHRS\RAYAHRS\DEBUG\RAYAHRS.PCH
C:\USERS\RAY\DESKTOP\AHRS\RAYAHRS\RAYAHRS\DEBUG\STDAFX.OBJ
C:\USERS\RAY\DESKTOP\AHRS\RAYAHRS\RAYAHRS\DEBUG\VC110.PDB
C:\USERS\RAY\DESKTOP\AHRS\RAYAHRS\RAYAHRS\DEBUG\MAHONYAHRS.OBJ
C:\USERS\RAY\DESKTOP\AHRS\RAYAHRS\RAYAHRS\DEBUG\QUATERN2EULER.OBJ
C:\USERS\RAY\DESKTOP\AHRS\RAYAHRS\RAYAHRS\DEBUG\RAYAHRS.OBJ
C:\USERS\RAY\DESKTOP\AHRS\RAYAHRS\DEBUG\RAYAHRS.ILK
C:\USERS\RAY\DESKTOP\AHRS\RAYAHRS\DEBUG\RAYAHRS.EXE
C:\USERS\RAY\DESKTOP\AHRS\RAYAHRS\DEBUG\RAYAHRS.PDB
C:\Users\ray\Desktop\AHRS\RayAHRS\RayAHRS\Debug\MahonyAHRS.obj
C:\Users\ray\Desktop\AHRS\RayAHRS\RayAHRS\Debug\quatern2euler.obj
C:\Users\ray\Desktop\AHRS\RayAHRS\RayAHRS\Debug\RayAHRS.obj
C:\Users\ray\Desktop\AHRS\RayAHRS\RayAHRS\Debug\stdafx.obj
C:\Users\ray\Desktop\AHRS\RayAHRS\RayAHRS\Debug\cl.command.1.tlog
C:\Users\ray\Desktop\AHRS\RayAHRS\RayAHRS\Debug\CL.read.1.tlog
C:\Users\ray\Desktop\AHRS\RayAHRS\RayAHRS\Debug\CL.write.1.tlog
C:\Users\ray\Desktop\AHRS\RayAHRS\RayAHRS\Debug\link-cvtres.read.1.tlog
C:\Users\ray\Desktop\AHRS\RayAHRS\RayAHRS\Debug\link-cvtres.write.1.tlog
C:\Users\ray\Desktop\AHRS\RayAHRS\RayAHRS\Debug\link-rc.read.1.tlog
C:\Users\ray\Desktop\AHRS\RayAHRS\RayAHRS\Debug\link-rc.write.1.tlog
C:\Users\ray\Desktop\AHRS\RayAHRS\RayAHRS\Debug\link.command.1.tlog
C:\Users\ray\Desktop\AHRS\RayAHRS\RayAHRS\Debug\link.read.1.tlog
C:\Users\ray\Desktop\AHRS\RayAHRS\RayAHRS\Debug\link.write.1.tlog
C:\Users\ray\Desktop\AHRS\RayAHRS\RayAHRS\Debug\RayAHRS.pch
C:\Users\ray\Desktop\AHRS\RayAHRS\RayAHRS\Debug\vc110.idb
C:\Users\ray\Desktop\AHRS\RayAHRS\RayAHRS\Debug\vc110.pdb
C:\Users\ray\Desktop\AHRS\RayAHRS\Debug\RayAHRS.pdb
C:\Users\ray\Desktop\AHRS\RayAHRS\Debug\RayAHRS.exe
C:\Users\ray\Desktop\AHRS\RayAHRS\Debug\RayAHRS.ilk
